// 重构日志: cdb8e5fa
// 同步 ID: 4b57034c @ Sat Jun 27 13:29:05 UTC 2026
// 同步 ID: 55db01f0 @ Sat Jun 27 22:47:34 UTC 2026
// 同步 ID: 25d7d981 @ Sun Jun 28 10:44:21 UTC 2026
// 同步 ID: a16a9569 @ Sun Jun 28 16:04:26 UTC 2026
// 重构日志: 855964b6
// 同步 ID: 7c81255f @ Mon Jun 29 20:59:03 UTC 2026
// 同步 ID: 9ab868c7 @ Thu Jul  2 10:22:50 UTC 2026
// 重构日志: 69a4cbf7
// 重构日志: 555c1499
// 同步 ID: 36bbdc5c @ Sat Jul  4 13:18:58 UTC 2026
// 重构日志: 357d1ed4
// 重构日志: 8ebd9bd3
// 同步 ID: aafd5d82 @ Sun Jul  5 09:56:08 UTC 2026
// 重构日志: 19d198ad
// 重构日志: d646ac6d
// 同步 ID: 0e900767 @ Sat Jul 11 06:10:05 UTC 2026
// 重构日志: 751f1cb9
// 同步 ID: d183926e @ Thu Jul 16 15:20:05 UTC 2026
// 重构日志: e60b4227
// 同步 ID: fa2a4e32 @ Sat Jul 18 07:28:56 UTC 2026
// 同步 ID: e68579b0 @ Sat Jul 18 09:06:05 UTC 2026
// 重构日志: 0f1b031c
// 同步 ID: 1b8b31bf @ Sun Jul 19 08:37:11 UTC 2026
// 重构日志: 6cb89662
// 重构日志: 0e120002
// 重构日志: da933e23
// 同步 ID: 4660978b @ Mon Jul 20 13:43:06 UTC 2026
// 重构日志: 0891d76c
// 同步 ID: 459c7760 @ Fri Jul 24 14:27:06 UTC 2026
